[2021-08-13 05:01:35] flarum.ERROR: GuzzleHttp\Exception\RequestException: cURL error 60: SSL certificate problem: unable to get local issuer certificate (see https://curl.haxx.se/libcurl/c/libcurl-errors.html) for https://oyina.uz/oauth/token in C:\OpenServer\domains\flarum_oyina\vendor\guzzlehttp\guzzle\src\Handler\CurlFactory.php:211
Stack trace:
#0 C:\OpenServer\domains\flarum_oyina\vendor\guzzlehttp\guzzle\src\Handler\CurlFactory.php(158): GuzzleHttp\Handler\CurlFactory::createRejection()
#1 C:\OpenServer\domains\flarum_oyina\vendor\guzzlehttp\guzzle\src\Handler\CurlFactory.php(110): GuzzleHttp\Handler\CurlFactory::finishError()
#2 C:\OpenServer\domains\flarum_oyina\vendor\guzzlehttp\guzzle\src\Handler\CurlHandler.php(47): GuzzleHttp\Handler\CurlFactory::finish()
#3 C:\OpenServer\domains\flarum_oyina\vendor\guzzlehttp\guzzle\src\Handler\Proxy.php(28): GuzzleHttp\Handler\CurlHandler->__invoke()
#4 C:\OpenServer\domains\flarum_oyina\vendor\guzzlehttp\guzzle\src\Handler\Proxy.php(48): GuzzleHttp\Handler\Proxy::GuzzleHttp\Handler\{closure}()
#5 C:\OpenServer\domains\flarum_oyina\vendor\guzzlehttp\guzzle\src\PrepareBodyMiddleware.php(64): GuzzleHttp\Handler\Proxy::GuzzleHttp\Handler\{closure}()
#6 C:\OpenServer\domains\flarum_oyina\vendor\guzzlehttp\guzzle\src\Middleware.php(31): GuzzleHttp\PrepareBodyMiddleware->__invoke()
#7 C:\OpenServer\domains\flarum_oyina\vendor\guzzlehttp\guzzle\src\RedirectMiddleware.php(71): GuzzleHttp\Middleware::GuzzleHttp\{closure}()
#8 C:\OpenServer\domains\flarum_oyina\vendor\guzzlehttp\guzzle\src\Middleware.php(63): GuzzleHttp\RedirectMiddleware->__invoke()
#9 C:\OpenServer\domains\flarum_oyina\vendor\guzzlehttp\guzzle\src\HandlerStack.php(75): GuzzleHttp\Middleware::GuzzleHttp\{closure}()
#10 C:\OpenServer\domains\flarum_oyina\vendor\guzzlehttp\guzzle\src\Client.php(331): GuzzleHttp\HandlerStack->__invoke()
#11 C:\OpenServer\domains\flarum_oyina\vendor\guzzlehttp\guzzle\src\Client.php(107): GuzzleHttp\Client->transfer()
#12 C:\OpenServer\domains\flarum_oyina\vendor\guzzlehttp\guzzle\src\Client.php(123): GuzzleHttp\Client->sendAsync()
#13 C:\OpenServer\domains\flarum_oyina\vendor\league\oauth2-client\src\Provider\AbstractProvider.php(608): GuzzleHttp\Client->send()
#14 C:\OpenServer\domains\flarum_oyina\vendor\league\oauth2-client\src\Provider\AbstractProvider.php(621): League\OAuth2\Client\Provider\AbstractProvider->getResponse()
#15 C:\OpenServer\domains\flarum_oyina\vendor\league\oauth2-client\src\Provider\AbstractProvider.php(537): League\OAuth2\Client\Provider\AbstractProvider->getParsedResponse()
#16 C:\OpenServer\domains\flarum_oyina\vendor\fof\passport\src\Controllers\PassportController.php(85): League\OAuth2\Client\Provider\AbstractProvider->getAccessToken()
#17 C:\OpenServer\domains\flarum_oyina\vendor\flarum\core\src\Http\RouteHandlerFactory.php(41): FoF\Passport\Controllers\PassportController->handle()
#18 C:\OpenServer\domains\flarum_oyina\vendor\flarum\core\src\Http\Middleware\ExecuteRoute.php(27): Flarum\Http\RouteHandlerFactory->Flarum\Http\{closure}()
#19 C:\OpenServer\domains\flarum_oyina\vendor\laminas\laminas-stratigility\src\Next.php(51): Flarum\Http\Middleware\ExecuteRoute->process()
#20 C:\OpenServer\domains\flarum_oyina\vendor\flarum\core\src\Http\Middleware\ContentTypeOptionsHeader.php(21): Laminas\Stratigility\Next->handle()
#21 C:\OpenServer\domains\flarum_oyina\vendor\laminas\laminas-stratigility\src\Next.php(51): Flarum\Http\Middleware\ContentTypeOptionsHeader->process()
#22 C:\OpenServer\domains\flarum_oyina\vendor\flarum\core\src\Http\Middleware\ReferrerPolicyHeader.php(30): Laminas\Stratigility\Next->handle()
#23 C:\OpenServer\domains\flarum_oyina\vendor\laminas\laminas-stratigility\src\Next.php(51): Flarum\Http\Middleware\ReferrerPolicyHeader->process()
#24 C:\OpenServer\domains\flarum_oyina\vendor\flarum\core\src\Http\Middleware\FlarumPromotionHeader.php(30): Laminas\Stratigility\Next->handle()
#25 C:\OpenServer\domains\flarum_oyina\vendor\laminas\laminas-stratigility\src\Next.php(51): Flarum\Http\Middleware\FlarumPromotionHeader->process()
#26 C:\OpenServer\domains\flarum_oyina\vendor\flarum\core\src\Http\Middleware\ShareErrorsFromSession.php(57): Laminas\Stratigility\Next->handle()
#27 C:\OpenServer\domains\flarum_oyina\vendor\laminas\laminas-stratigility\src\Next.php(51): Flarum\Http\Middleware\ShareErrorsFromSession->process()
#28 C:\OpenServer\domains\flarum_oyina\vendor\flarum\core\src\Http\Middleware\CheckCsrfToken.php(36): Laminas\Stratigility\Next->handle()
#29 C:\OpenServer\domains\flarum_oyina\vendor\laminas\laminas-stratigility\src\Next.php(51): Flarum\Http\Middleware\CheckCsrfToken->process()
#30 C:\OpenServer\domains\flarum_oyina\vendor\flarum\core\src\Http\Middleware\ResolveRoute.php(67): Laminas\Stratigility\Next->handle()
#31 C:\OpenServer\domains\flarum_oyina\vendor\laminas\laminas-stratigility\src\Next.php(51): Flarum\Http\Middleware\ResolveRoute->process()
#32 C:\OpenServer\domains\flarum_oyina\vendor\flarum\core\src\Http\Middleware\SetLocale.php(51): Laminas\Stratigility\Next->handle()
#33 C:\OpenServer\domains\flarum_oyina\vendor\laminas\laminas-stratigility\src\Next.php(51): Flarum\Http\Middleware\SetLocale->process()
#34 C:\OpenServer\domains\flarum_oyina\vendor\flarum\core\src\Http\Middleware\AuthenticateWithSession.php(31): Laminas\Stratigility\Next->handle()
#35 C:\OpenServer\domains\flarum_oyina\vendor\laminas\laminas-stratigility\src\Next.php(51): Flarum\Http\Middleware\AuthenticateWithSession->process()
#36 C:\OpenServer\domains\flarum_oyina\vendor\flarum\core\src\Http\Middleware\RememberFromCookie.php(52): Laminas\Stratigility\Next->handle()
#37 C:\OpenServer\domains\flarum_oyina\vendor\laminas\laminas-stratigility\src\Next.php(51): Flarum\Http\Middleware\RememberFromCookie->process()
#38 C:\OpenServer\domains\flarum_oyina\vendor\flarum\core\src\Http\Middleware\StartSession.php(61): Laminas\Stratigility\Next->handle()
#39 C:\OpenServer\domains\flarum_oyina\vendor\laminas\laminas-stratigility\src\Next.php(51): Flarum\Http\Middleware\StartSession->process()
#40 C:\OpenServer\domains\flarum_oyina\vendor\flarum\core\src\Http\Middleware\CollectGarbage.php(46): Laminas\Stratigility\Next->handle()
#41 C:\OpenServer\domains\flarum_oyina\vendor\laminas\laminas-stratigility\src\Next.php(51): Flarum\Http\Middleware\CollectGarbage->process()
#42 C:\OpenServer\domains\flarum_oyina\vendor\flarum\core\src\Http\Middleware\ParseJsonBody.php(28): Laminas\Stratigility\Next->handle()
#43 C:\OpenServer\domains\flarum_oyina\vendor\laminas\laminas-stratigility\src\Next.php(51): Flarum\Http\Middleware\ParseJsonBody->process()
#44 C:\OpenServer\domains\flarum_oyina\vendor\flarum\core\src\Http\Middleware\HandleErrors.php(57): Laminas\Stratigility\Next->handle()
#45 C:\OpenServer\domains\flarum_oyina\vendor\laminas\laminas-stratigility\src\Next.php(51): Flarum\Http\Middleware\HandleErrors->process()
#46 C:\OpenServer\domains\flarum_oyina\vendor\flarum\core\src\Http\Middleware\InjectActorReference.php(25): Laminas\Stratigility\Next->handle()
#47 C:\OpenServer\domains\flarum_oyina\vendor\laminas\laminas-stratigility\src\Next.php(51): Flarum\Http\Middleware\InjectActorReference->process()
#48 C:\OpenServer\domains\flarum_oyina\vendor\laminas\laminas-stratigility\src\MiddlewarePipe.php(76): Laminas\Stratigility\Next->handle()
#49 C:\OpenServer\domains\flarum_oyina\vendor\middlewares\request-handler\src\RequestHandler.php(84): Laminas\Stratigility\MiddlewarePipe->process()
#50 C:\OpenServer\domains\flarum_oyina\vendor\laminas\laminas-stratigility\src\Next.php(51): Middlewares\RequestHandler->process()
#51 C:\OpenServer\domains\flarum_oyina\vendor\middlewares\base-path-router\src\BasePathRouter.php(101): Laminas\Stratigility\Next->handle()
#52 C:\OpenServer\domains\flarum_oyina\vendor\laminas\laminas-stratigility\src\Next.php(51): Middlewares\BasePathRouter->process()
#53 C:\OpenServer\domains\flarum_oyina\vendor\laminas\laminas-stratigility\src\Middleware\OriginalMessages.php(36): Laminas\Stratigility\Next->handle()
#54 C:\OpenServer\domains\flarum_oyina\vendor\laminas\laminas-stratigility\src\Next.php(51): Laminas\Stratigility\Middleware\OriginalMessages->process()
#55 C:\OpenServer\domains\flarum_oyina\vendor\middlewares\base-path\src\BasePath.php(73): Laminas\Stratigility\Next->handle()
#56 C:\OpenServer\domains\flarum_oyina\vendor\laminas\laminas-stratigility\src\Next.php(51): Middlewares\BasePath->process()
#57 C:\OpenServer\domains\flarum_oyina\vendor\flarum\core\src\Http\Middleware\ProcessIp.php(24): Laminas\Stratigility\Next->handle()
#58 C:\OpenServer\domains\flarum_oyina\vendor\laminas\laminas-stratigility\src\Next.php(51): Flarum\Http\Middleware\ProcessIp->process()
#59 C:\OpenServer\domains\flarum_oyina\vendor\laminas\laminas-stratigility\src\MiddlewarePipe.php(76): Laminas\Stratigility\Next->handle()
#60 C:\OpenServer\domains\flarum_oyina\vendor\laminas\laminas-stratigility\src\MiddlewarePipe.php(65): Laminas\Stratigility\MiddlewarePipe->process()
#61 C:\OpenServer\domains\flarum_oyina\vendor\laminas\laminas-httphandlerrunner\src\RequestHandlerRunner.php(96): Laminas\Stratigility\MiddlewarePipe->handle()
#62 C:\OpenServer\domains\flarum_oyina\vendor\flarum\core\src\Http\Server.php(44): Laminas\HttpHandlerRunner\RequestHandlerRunner->run()
#63 C:\OpenServer\domains\flarum_oyina\public\index.php(26): Flarum\Http\Server->listen()
#64 {main}  
[2021-08-13 05:02:55] flarum.ERROR: GuzzleHttp\Exception\RequestException: cURL error 60: SSL certificate problem: unable to get local issuer certificate (see https://curl.haxx.se/libcurl/c/libcurl-errors.html) for https://oyina.uz/oauth/token in C:\OpenServer\domains\flarum_oyina\vendor\guzzlehttp\guzzle\src\Handler\CurlFactory.php:211
Stack trace:
#0 C:\OpenServer\domains\flarum_oyina\vendor\guzzlehttp\guzzle\src\Handler\CurlFactory.php(158): GuzzleHttp\Handler\CurlFactory::createRejection()
#1 C:\OpenServer\domains\flarum_oyina\vendor\guzzlehttp\guzzle\src\Handler\CurlFactory.php(110): GuzzleHttp\Handler\CurlFactory::finishError()
#2 C:\OpenServer\domains\flarum_oyina\vendor\guzzlehttp\guzzle\src\Handler\CurlHandler.php(47): GuzzleHttp\Handler\CurlFactory::finish()
#3 C:\OpenServer\domains\flarum_oyina\vendor\guzzlehttp\guzzle\src\Handler\Proxy.php(28): GuzzleHttp\Handler\CurlHandler->__invoke()
#4 C:\OpenServer\domains\flarum_oyina\vendor\guzzlehttp\guzzle\src\Handler\Proxy.php(48): GuzzleHttp\Handler\Proxy::GuzzleHttp\Handler\{closure}()
#5 C:\OpenServer\domains\flarum_oyina\vendor\guzzlehttp\guzzle\src\PrepareBodyMiddleware.php(64): GuzzleHttp\Handler\Proxy::GuzzleHttp\Handler\{closure}()
#6 C:\OpenServer\domains\flarum_oyina\vendor\guzzlehttp\guzzle\src\Middleware.php(31): GuzzleHttp\PrepareBodyMiddleware->__invoke()
#7 C:\OpenServer\domains\flarum_oyina\vendor\guzzlehttp\guzzle\src\RedirectMiddleware.php(71): GuzzleHttp\Middleware::GuzzleHttp\{closure}()
#8 C:\OpenServer\domains\flarum_oyina\vendor\guzzlehttp\guzzle\src\Middleware.php(63): GuzzleHttp\RedirectMiddleware->__invoke()
#9 C:\OpenServer\domains\flarum_oyina\vendor\guzzlehttp\guzzle\src\HandlerStack.php(75): GuzzleHttp\Middleware::GuzzleHttp\{closure}()
#10 C:\OpenServer\domains\flarum_oyina\vendor\guzzlehttp\guzzle\src\Client.php(331): GuzzleHttp\HandlerStack->__invoke()
#11 C:\OpenServer\domains\flarum_oyina\vendor\guzzlehttp\guzzle\src\Client.php(107): GuzzleHttp\Client->transfer()
#12 C:\OpenServer\domains\flarum_oyina\vendor\guzzlehttp\guzzle\src\Client.php(123): GuzzleHttp\Client->sendAsync()
#13 C:\OpenServer\domains\flarum_oyina\vendor\league\oauth2-client\src\Provider\AbstractProvider.php(608): GuzzleHttp\Client->send()
#14 C:\OpenServer\domains\flarum_oyina\vendor\league\oauth2-client\src\Provider\AbstractProvider.php(621): League\OAuth2\Client\Provider\AbstractProvider->getResponse()
#15 C:\OpenServer\domains\flarum_oyina\vendor\league\oauth2-client\src\Provider\AbstractProvider.php(537): League\OAuth2\Client\Provider\AbstractProvider->getParsedResponse()
#16 C:\OpenServer\domains\flarum_oyina\vendor\fof\passport\src\Controllers\PassportController.php(85): League\OAuth2\Client\Provider\AbstractProvider->getAccessToken()
#17 C:\OpenServer\domains\flarum_oyina\vendor\flarum\core\src\Http\RouteHandlerFactory.php(41): FoF\Passport\Controllers\PassportController->handle()
#18 C:\OpenServer\domains\flarum_oyina\vendor\flarum\core\src\Http\Middleware\ExecuteRoute.php(27): Flarum\Http\RouteHandlerFactory->Flarum\Http\{closure}()
#19 C:\OpenServer\domains\flarum_oyina\vendor\laminas\laminas-stratigility\src\Next.php(51): Flarum\Http\Middleware\ExecuteRoute->process()
#20 C:\OpenServer\domains\flarum_oyina\vendor\flarum\core\src\Http\Middleware\ContentTypeOptionsHeader.php(21): Laminas\Stratigility\Next->handle()
#21 C:\OpenServer\domains\flarum_oyina\vendor\laminas\laminas-stratigility\src\Next.php(51): Flarum\Http\Middleware\ContentTypeOptionsHeader->process()
#22 C:\OpenServer\domains\flarum_oyina\vendor\flarum\core\src\Http\Middleware\ReferrerPolicyHeader.php(30): Laminas\Stratigility\Next->handle()
#23 C:\OpenServer\domains\flarum_oyina\vendor\laminas\laminas-stratigility\src\Next.php(51): Flarum\Http\Middleware\ReferrerPolicyHeader->process()
#24 C:\OpenServer\domains\flarum_oyina\vendor\flarum\core\src\Http\Middleware\FlarumPromotionHeader.php(30): Laminas\Stratigility\Next->handle()
#25 C:\OpenServer\domains\flarum_oyina\vendor\laminas\laminas-stratigility\src\Next.php(51): Flarum\Http\Middleware\FlarumPromotionHeader->process()
#26 C:\OpenServer\domains\flarum_oyina\vendor\flarum\core\src\Http\Middleware\ShareErrorsFromSession.php(57): Laminas\Stratigility\Next->handle()
#27 C:\OpenServer\domains\flarum_oyina\vendor\laminas\laminas-stratigility\src\Next.php(51): Flarum\Http\Middleware\ShareErrorsFromSession->process()
#28 C:\OpenServer\domains\flarum_oyina\vendor\flarum\core\src\Http\Middleware\CheckCsrfToken.php(36): Laminas\Stratigility\Next->handle()
#29 C:\OpenServer\domains\flarum_oyina\vendor\laminas\laminas-stratigility\src\Next.php(51): Flarum\Http\Middleware\CheckCsrfToken->process()
#30 C:\OpenServer\domains\flarum_oyina\vendor\flarum\core\src\Http\Middleware\ResolveRoute.php(67): Laminas\Stratigility\Next->handle()
#31 C:\OpenServer\domains\flarum_oyina\vendor\laminas\laminas-stratigility\src\Next.php(51): Flarum\Http\Middleware\ResolveRoute->process()
#32 C:\OpenServer\domains\flarum_oyina\vendor\flarum\core\src\Http\Middleware\SetLocale.php(51): Laminas\Stratigility\Next->handle()
#33 C:\OpenServer\domains\flarum_oyina\vendor\laminas\laminas-stratigility\src\Next.php(51): Flarum\Http\Middleware\SetLocale->process()
#34 C:\OpenServer\domains\flarum_oyina\vendor\flarum\core\src\Http\Middleware\AuthenticateWithSession.php(31): Laminas\Stratigility\Next->handle()
#35 C:\OpenServer\domains\flarum_oyina\vendor\laminas\laminas-stratigility\src\Next.php(51): Flarum\Http\Middleware\AuthenticateWithSession->process()
#36 C:\OpenServer\domains\flarum_oyina\vendor\flarum\core\src\Http\Middleware\RememberFromCookie.php(52): Laminas\Stratigility\Next->handle()
#37 C:\OpenServer\domains\flarum_oyina\vendor\laminas\laminas-stratigility\src\Next.php(51): Flarum\Http\Middleware\RememberFromCookie->process()
#38 C:\OpenServer\domains\flarum_oyina\vendor\flarum\core\src\Http\Middleware\StartSession.php(61): Laminas\Stratigility\Next->handle()
#39 C:\OpenServer\domains\flarum_oyina\vendor\laminas\laminas-stratigility\src\Next.php(51): Flarum\Http\Middleware\StartSession->process()
#40 C:\OpenServer\domains\flarum_oyina\vendor\flarum\core\src\Http\Middleware\CollectGarbage.php(46): Laminas\Stratigility\Next->handle()
#41 C:\OpenServer\domains\flarum_oyina\vendor\laminas\laminas-stratigility\src\Next.php(51): Flarum\Http\Middleware\CollectGarbage->process()
#42 C:\OpenServer\domains\flarum_oyina\vendor\flarum\core\src\Http\Middleware\ParseJsonBody.php(28): Laminas\Stratigility\Next->handle()
#43 C:\OpenServer\domains\flarum_oyina\vendor\laminas\laminas-stratigility\src\Next.php(51): Flarum\Http\Middleware\ParseJsonBody->process()
#44 C:\OpenServer\domains\flarum_oyina\vendor\flarum\core\src\Http\Middleware\HandleErrors.php(57): Laminas\Stratigility\Next->handle()
#45 C:\OpenServer\domains\flarum_oyina\vendor\laminas\laminas-stratigility\src\Next.php(51): Flarum\Http\Middleware\HandleErrors->process()
#46 C:\OpenServer\domains\flarum_oyina\vendor\flarum\core\src\Http\Middleware\InjectActorReference.php(25): Laminas\Stratigility\Next->handle()
#47 C:\OpenServer\domains\flarum_oyina\vendor\laminas\laminas-stratigility\src\Next.php(51): Flarum\Http\Middleware\InjectActorReference->process()
#48 C:\OpenServer\domains\flarum_oyina\vendor\laminas\laminas-stratigility\src\MiddlewarePipe.php(76): Laminas\Stratigility\Next->handle()
#49 C:\OpenServer\domains\flarum_oyina\vendor\middlewares\request-handler\src\RequestHandler.php(84): Laminas\Stratigility\MiddlewarePipe->process()
#50 C:\OpenServer\domains\flarum_oyina\vendor\laminas\laminas-stratigility\src\Next.php(51): Middlewares\RequestHandler->process()
#51 C:\OpenServer\domains\flarum_oyina\vendor\middlewares\base-path-router\src\BasePathRouter.php(101): Laminas\Stratigility\Next->handle()
#52 C:\OpenServer\domains\flarum_oyina\vendor\laminas\laminas-stratigility\src\Next.php(51): Middlewares\BasePathRouter->process()
#53 C:\OpenServer\domains\flarum_oyina\vendor\laminas\laminas-stratigility\src\Middleware\OriginalMessages.php(36): Laminas\Stratigility\Next->handle()
#54 C:\OpenServer\domains\flarum_oyina\vendor\laminas\laminas-stratigility\src\Next.php(51): Laminas\Stratigility\Middleware\OriginalMessages->process()
#55 C:\OpenServer\domains\flarum_oyina\vendor\middlewares\base-path\src\BasePath.php(73): Laminas\Stratigility\Next->handle()
#56 C:\OpenServer\domains\flarum_oyina\vendor\laminas\laminas-stratigility\src\Next.php(51): Middlewares\BasePath->process()
#57 C:\OpenServer\domains\flarum_oyina\vendor\flarum\core\src\Http\Middleware\ProcessIp.php(24): Laminas\Stratigility\Next->handle()
#58 C:\OpenServer\domains\flarum_oyina\vendor\laminas\laminas-stratigility\src\Next.php(51): Flarum\Http\Middleware\ProcessIp->process()
#59 C:\OpenServer\domains\flarum_oyina\vendor\laminas\laminas-stratigility\src\MiddlewarePipe.php(76): Laminas\Stratigility\Next->handle()
#60 C:\OpenServer\domains\flarum_oyina\vendor\laminas\laminas-stratigility\src\MiddlewarePipe.php(65): Laminas\Stratigility\MiddlewarePipe->process()
#61 C:\OpenServer\domains\flarum_oyina\vendor\laminas\laminas-httphandlerrunner\src\RequestHandlerRunner.php(96): Laminas\Stratigility\MiddlewarePipe->handle()
#62 C:\OpenServer\domains\flarum_oyina\vendor\flarum\core\src\Http\Server.php(44): Laminas\HttpHandlerRunner\RequestHandlerRunner->run()
#63 C:\OpenServer\domains\flarum_oyina\public\index.php(26): Flarum\Http\Server->listen()
#64 {main}  
[2021-08-13 05:03:05] flarum.ERROR: Exception: access_denied:  in C:\OpenServer\domains\flarum_oyina\vendor\fof\passport\src\Controllers\PassportController.php:66
Stack trace:
#0 C:\OpenServer\domains\flarum_oyina\vendor\flarum\core\src\Http\RouteHandlerFactory.php(41): FoF\Passport\Controllers\PassportController->handle()
#1 C:\OpenServer\domains\flarum_oyina\vendor\flarum\core\src\Http\Middleware\ExecuteRoute.php(27): Flarum\Http\RouteHandlerFactory->Flarum\Http\{closure}()
#2 C:\OpenServer\domains\flarum_oyina\vendor\laminas\laminas-stratigility\src\Next.php(51): Flarum\Http\Middleware\ExecuteRoute->process()
#3 C:\OpenServer\domains\flarum_oyina\vendor\flarum\core\src\Http\Middleware\ContentTypeOptionsHeader.php(21): Laminas\Stratigility\Next->handle()
#4 C:\OpenServer\domains\flarum_oyina\vendor\laminas\laminas-stratigility\src\Next.php(51): Flarum\Http\Middleware\ContentTypeOptionsHeader->process()
#5 C:\OpenServer\domains\flarum_oyina\vendor\flarum\core\src\Http\Middleware\ReferrerPolicyHeader.php(30): Laminas\Stratigility\Next->handle()
#6 C:\OpenServer\domains\flarum_oyina\vendor\laminas\laminas-stratigility\src\Next.php(51): Flarum\Http\Middleware\ReferrerPolicyHeader->process()
#7 C:\OpenServer\domains\flarum_oyina\vendor\flarum\core\src\Http\Middleware\FlarumPromotionHeader.php(30): Laminas\Stratigility\Next->handle()
#8 C:\OpenServer\domains\flarum_oyina\vendor\laminas\laminas-stratigility\src\Next.php(51): Flarum\Http\Middleware\FlarumPromotionHeader->process()
#9 C:\OpenServer\domains\flarum_oyina\vendor\flarum\core\src\Http\Middleware\ShareErrorsFromSession.php(57): Laminas\Stratigility\Next->handle()
#10 C:\OpenServer\domains\flarum_oyina\vendor\laminas\laminas-stratigility\src\Next.php(51): Flarum\Http\Middleware\ShareErrorsFromSession->process()
#11 C:\OpenServer\domains\flarum_oyina\vendor\flarum\core\src\Http\Middleware\CheckCsrfToken.php(36): Laminas\Stratigility\Next->handle()
#12 C:\OpenServer\domains\flarum_oyina\vendor\laminas\laminas-stratigility\src\Next.php(51): Flarum\Http\Middleware\CheckCsrfToken->process()
#13 C:\OpenServer\domains\flarum_oyina\vendor\flarum\core\src\Http\Middleware\ResolveRoute.php(67): Laminas\Stratigility\Next->handle()
#14 C:\OpenServer\domains\flarum_oyina\vendor\laminas\laminas-stratigility\src\Next.php(51): Flarum\Http\Middleware\ResolveRoute->process()
#15 C:\OpenServer\domains\flarum_oyina\vendor\flarum\core\src\Http\Middleware\SetLocale.php(51): Laminas\Stratigility\Next->handle()
#16 C:\OpenServer\domains\flarum_oyina\vendor\laminas\laminas-stratigility\src\Next.php(51): Flarum\Http\Middleware\SetLocale->process()
#17 C:\OpenServer\domains\flarum_oyina\vendor\flarum\core\src\Http\Middleware\AuthenticateWithSession.php(31): Laminas\Stratigility\Next->handle()
#18 C:\OpenServer\domains\flarum_oyina\vendor\laminas\laminas-stratigility\src\Next.php(51): Flarum\Http\Middleware\AuthenticateWithSession->process()
#19 C:\OpenServer\domains\flarum_oyina\vendor\flarum\core\src\Http\Middleware\RememberFromCookie.php(52): Laminas\Stratigility\Next->handle()
#20 C:\OpenServer\domains\flarum_oyina\vendor\laminas\laminas-stratigility\src\Next.php(51): Flarum\Http\Middleware\RememberFromCookie->process()
#21 C:\OpenServer\domains\flarum_oyina\vendor\flarum\core\src\Http\Middleware\StartSession.php(61): Laminas\Stratigility\Next->handle()
#22 C:\OpenServer\domains\flarum_oyina\vendor\laminas\laminas-stratigility\src\Next.php(51): Flarum\Http\Middleware\StartSession->process()
#23 C:\OpenServer\domains\flarum_oyina\vendor\flarum\core\src\Http\Middleware\CollectGarbage.php(46): Laminas\Stratigility\Next->handle()
#24 C:\OpenServer\domains\flarum_oyina\vendor\laminas\laminas-stratigility\src\Next.php(51): Flarum\Http\Middleware\CollectGarbage->process()
#25 C:\OpenServer\domains\flarum_oyina\vendor\flarum\core\src\Http\Middleware\ParseJsonBody.php(28): Laminas\Stratigility\Next->handle()
#26 C:\OpenServer\domains\flarum_oyina\vendor\laminas\laminas-stratigility\src\Next.php(51): Flarum\Http\Middleware\ParseJsonBody->process()
#27 C:\OpenServer\domains\flarum_oyina\vendor\flarum\core\src\Http\Middleware\HandleErrors.php(57): Laminas\Stratigility\Next->handle()
#28 C:\OpenServer\domains\flarum_oyina\vendor\laminas\laminas-stratigility\src\Next.php(51): Flarum\Http\Middleware\HandleErrors->process()
#29 C:\OpenServer\domains\flarum_oyina\vendor\flarum\core\src\Http\Middleware\InjectActorReference.php(25): Laminas\Stratigility\Next->handle()
#30 C:\OpenServer\domains\flarum_oyina\vendor\laminas\laminas-stratigility\src\Next.php(51): Flarum\Http\Middleware\InjectActorReference->process()
#31 C:\OpenServer\domains\flarum_oyina\vendor\laminas\laminas-stratigility\src\MiddlewarePipe.php(76): Laminas\Stratigility\Next->handle()
#32 C:\OpenServer\domains\flarum_oyina\vendor\middlewares\request-handler\src\RequestHandler.php(84): Laminas\Stratigility\MiddlewarePipe->process()
#33 C:\OpenServer\domains\flarum_oyina\vendor\laminas\laminas-stratigility\src\Next.php(51): Middlewares\RequestHandler->process()
#34 C:\OpenServer\domains\flarum_oyina\vendor\middlewares\base-path-router\src\BasePathRouter.php(101): Laminas\Stratigility\Next->handle()
#35 C:\OpenServer\domains\flarum_oyina\vendor\laminas\laminas-stratigility\src\Next.php(51): Middlewares\BasePathRouter->process()
#36 C:\OpenServer\domains\flarum_oyina\vendor\laminas\laminas-stratigility\src\Middleware\OriginalMessages.php(36): Laminas\Stratigility\Next->handle()
#37 C:\OpenServer\domains\flarum_oyina\vendor\laminas\laminas-stratigility\src\Next.php(51): Laminas\Stratigility\Middleware\OriginalMessages->process()
#38 C:\OpenServer\domains\flarum_oyina\vendor\middlewares\base-path\src\BasePath.php(73): Laminas\Stratigility\Next->handle()
#39 C:\OpenServer\domains\flarum_oyina\vendor\laminas\laminas-stratigility\src\Next.php(51): Middlewares\BasePath->process()
#40 C:\OpenServer\domains\flarum_oyina\vendor\flarum\core\src\Http\Middleware\ProcessIp.php(24): Laminas\Stratigility\Next->handle()
#41 C:\OpenServer\domains\flarum_oyina\vendor\laminas\laminas-stratigility\src\Next.php(51): Flarum\Http\Middleware\ProcessIp->process()
#42 C:\OpenServer\domains\flarum_oyina\vendor\laminas\laminas-stratigility\src\MiddlewarePipe.php(76): Laminas\Stratigility\Next->handle()
#43 C:\OpenServer\domains\flarum_oyina\vendor\laminas\laminas-stratigility\src\MiddlewarePipe.php(65): Laminas\Stratigility\MiddlewarePipe->process()
#44 C:\OpenServer\domains\flarum_oyina\vendor\laminas\laminas-httphandlerrunner\src\RequestHandlerRunner.php(96): Laminas\Stratigility\MiddlewarePipe->handle()
#45 C:\OpenServer\domains\flarum_oyina\vendor\flarum\core\src\Http\Server.php(44): Laminas\HttpHandlerRunner\RequestHandlerRunner->run()
#46 C:\OpenServer\domains\flarum_oyina\public\index.php(26): Flarum\Http\Server->listen()
#47 {main}  
[2021-08-13 05:04:09] flarum.ERROR: GuzzleHttp\Exception\RequestException: cURL error 60: SSL certificate problem: unable to get local issuer certificate (see https://curl.haxx.se/libcurl/c/libcurl-errors.html) for https://oyina.uz/oauth/token in C:\OpenServer\domains\flarum_oyina\vendor\guzzlehttp\guzzle\src\Handler\CurlFactory.php:211
Stack trace:
#0 C:\OpenServer\domains\flarum_oyina\vendor\guzzlehttp\guzzle\src\Handler\CurlFactory.php(158): GuzzleHttp\Handler\CurlFactory::createRejection()
#1 C:\OpenServer\domains\flarum_oyina\vendor\guzzlehttp\guzzle\src\Handler\CurlFactory.php(110): GuzzleHttp\Handler\CurlFactory::finishError()
#2 C:\OpenServer\domains\flarum_oyina\vendor\guzzlehttp\guzzle\src\Handler\CurlHandler.php(47): GuzzleHttp\Handler\CurlFactory::finish()
#3 C:\OpenServer\domains\flarum_oyina\vendor\guzzlehttp\guzzle\src\Handler\Proxy.php(28): GuzzleHttp\Handler\CurlHandler->__invoke()
#4 C:\OpenServer\domains\flarum_oyina\vendor\guzzlehttp\guzzle\src\Handler\Proxy.php(48): GuzzleHttp\Handler\Proxy::GuzzleHttp\Handler\{closure}()
#5 C:\OpenServer\domains\flarum_oyina\vendor\guzzlehttp\guzzle\src\PrepareBodyMiddleware.php(64): GuzzleHttp\Handler\Proxy::GuzzleHttp\Handler\{closure}()
#6 C:\OpenServer\domains\flarum_oyina\vendor\guzzlehttp\guzzle\src\Middleware.php(31): GuzzleHttp\PrepareBodyMiddleware->__invoke()
#7 C:\OpenServer\domains\flarum_oyina\vendor\guzzlehttp\guzzle\src\RedirectMiddleware.php(71): GuzzleHttp\Middleware::GuzzleHttp\{closure}()
#8 C:\OpenServer\domains\flarum_oyina\vendor\guzzlehttp\guzzle\src\Middleware.php(63): GuzzleHttp\RedirectMiddleware->__invoke()
#9 C:\OpenServer\domains\flarum_oyina\vendor\guzzlehttp\guzzle\src\HandlerStack.php(75): GuzzleHttp\Middleware::GuzzleHttp\{closure}()
#10 C:\OpenServer\domains\flarum_oyina\vendor\guzzlehttp\guzzle\src\Client.php(331): GuzzleHttp\HandlerStack->__invoke()
#11 C:\OpenServer\domains\flarum_oyina\vendor\guzzlehttp\guzzle\src\Client.php(107): GuzzleHttp\Client->transfer()
#12 C:\OpenServer\domains\flarum_oyina\vendor\guzzlehttp\guzzle\src\Client.php(123): GuzzleHttp\Client->sendAsync()
#13 C:\OpenServer\domains\flarum_oyina\vendor\league\oauth2-client\src\Provider\AbstractProvider.php(608): GuzzleHttp\Client->send()
#14 C:\OpenServer\domains\flarum_oyina\vendor\league\oauth2-client\src\Provider\AbstractProvider.php(621): League\OAuth2\Client\Provider\AbstractProvider->getResponse()
#15 C:\OpenServer\domains\flarum_oyina\vendor\league\oauth2-client\src\Provider\AbstractProvider.php(537): League\OAuth2\Client\Provider\AbstractProvider->getParsedResponse()
#16 C:\OpenServer\domains\flarum_oyina\vendor\fof\passport\src\Controllers\PassportController.php(85): League\OAuth2\Client\Provider\AbstractProvider->getAccessToken()
#17 C:\OpenServer\domains\flarum_oyina\vendor\flarum\core\src\Http\RouteHandlerFactory.php(41): FoF\Passport\Controllers\PassportController->handle()
#18 C:\OpenServer\domains\flarum_oyina\vendor\flarum\core\src\Http\Middleware\ExecuteRoute.php(27): Flarum\Http\RouteHandlerFactory->Flarum\Http\{closure}()
#19 C:\OpenServer\domains\flarum_oyina\vendor\laminas\laminas-stratigility\src\Next.php(51): Flarum\Http\Middleware\ExecuteRoute->process()
#20 C:\OpenServer\domains\flarum_oyina\vendor\flarum\core\src\Http\Middleware\ContentTypeOptionsHeader.php(21): Laminas\Stratigility\Next->handle()
#21 C:\OpenServer\domains\flarum_oyina\vendor\laminas\laminas-stratigility\src\Next.php(51): Flarum\Http\Middleware\ContentTypeOptionsHeader->process()
#22 C:\OpenServer\domains\flarum_oyina\vendor\flarum\core\src\Http\Middleware\ReferrerPolicyHeader.php(30): Laminas\Stratigility\Next->handle()
#23 C:\OpenServer\domains\flarum_oyina\vendor\laminas\laminas-stratigility\src\Next.php(51): Flarum\Http\Middleware\ReferrerPolicyHeader->process()
#24 C:\OpenServer\domains\flarum_oyina\vendor\flarum\core\src\Http\Middleware\FlarumPromotionHeader.php(30): Laminas\Stratigility\Next->handle()
#25 C:\OpenServer\domains\flarum_oyina\vendor\laminas\laminas-stratigility\src\Next.php(51): Flarum\Http\Middleware\FlarumPromotionHeader->process()
#26 C:\OpenServer\domains\flarum_oyina\vendor\flarum\core\src\Http\Middleware\ShareErrorsFromSession.php(57): Laminas\Stratigility\Next->handle()
#27 C:\OpenServer\domains\flarum_oyina\vendor\laminas\laminas-stratigility\src\Next.php(51): Flarum\Http\Middleware\ShareErrorsFromSession->process()
#28 C:\OpenServer\domains\flarum_oyina\vendor\flarum\core\src\Http\Middleware\CheckCsrfToken.php(36): Laminas\Stratigility\Next->handle()
#29 C:\OpenServer\domains\flarum_oyina\vendor\laminas\laminas-stratigility\src\Next.php(51): Flarum\Http\Middleware\CheckCsrfToken->process()
#30 C:\OpenServer\domains\flarum_oyina\vendor\flarum\core\src\Http\Middleware\ResolveRoute.php(67): Laminas\Stratigility\Next->handle()
#31 C:\OpenServer\domains\flarum_oyina\vendor\laminas\laminas-stratigility\src\Next.php(51): Flarum\Http\Middleware\ResolveRoute->process()
#32 C:\OpenServer\domains\flarum_oyina\vendor\flarum\core\src\Http\Middleware\SetLocale.php(51): Laminas\Stratigility\Next->handle()
#33 C:\OpenServer\domains\flarum_oyina\vendor\laminas\laminas-stratigility\src\Next.php(51): Flarum\Http\Middleware\SetLocale->process()
#34 C:\OpenServer\domains\flarum_oyina\vendor\flarum\core\src\Http\Middleware\AuthenticateWithSession.php(31): Laminas\Stratigility\Next->handle()
#35 C:\OpenServer\domains\flarum_oyina\vendor\laminas\laminas-stratigility\src\Next.php(51): Flarum\Http\Middleware\AuthenticateWithSession->process()
#36 C:\OpenServer\domains\flarum_oyina\vendor\flarum\core\src\Http\Middleware\RememberFromCookie.php(52): Laminas\Stratigility\Next->handle()
#37 C:\OpenServer\domains\flarum_oyina\vendor\laminas\laminas-stratigility\src\Next.php(51): Flarum\Http\Middleware\RememberFromCookie->process()
#38 C:\OpenServer\domains\flarum_oyina\vendor\flarum\core\src\Http\Middleware\StartSession.php(61): Laminas\Stratigility\Next->handle()
#39 C:\OpenServer\domains\flarum_oyina\vendor\laminas\laminas-stratigility\src\Next.php(51): Flarum\Http\Middleware\StartSession->process()
#40 C:\OpenServer\domains\flarum_oyina\vendor\flarum\core\src\Http\Middleware\CollectGarbage.php(46): Laminas\Stratigility\Next->handle()
#41 C:\OpenServer\domains\flarum_oyina\vendor\laminas\laminas-stratigility\src\Next.php(51): Flarum\Http\Middleware\CollectGarbage->process()
#42 C:\OpenServer\domains\flarum_oyina\vendor\flarum\core\src\Http\Middleware\ParseJsonBody.php(28): Laminas\Stratigility\Next->handle()
#43 C:\OpenServer\domains\flarum_oyina\vendor\laminas\laminas-stratigility\src\Next.php(51): Flarum\Http\Middleware\ParseJsonBody->process()
#44 C:\OpenServer\domains\flarum_oyina\vendor\flarum\core\src\Http\Middleware\HandleErrors.php(57): Laminas\Stratigility\Next->handle()
#45 C:\OpenServer\domains\flarum_oyina\vendor\laminas\laminas-stratigility\src\Next.php(51): Flarum\Http\Middleware\HandleErrors->process()
#46 C:\OpenServer\domains\flarum_oyina\vendor\flarum\core\src\Http\Middleware\InjectActorReference.php(25): Laminas\Stratigility\Next->handle()
#47 C:\OpenServer\domains\flarum_oyina\vendor\laminas\laminas-stratigility\src\Next.php(51): Flarum\Http\Middleware\InjectActorReference->process()
#48 C:\OpenServer\domains\flarum_oyina\vendor\laminas\laminas-stratigility\src\MiddlewarePipe.php(76): Laminas\Stratigility\Next->handle()
#49 C:\OpenServer\domains\flarum_oyina\vendor\middlewares\request-handler\src\RequestHandler.php(84): Laminas\Stratigility\MiddlewarePipe->process()
#50 C:\OpenServer\domains\flarum_oyina\vendor\laminas\laminas-stratigility\src\Next.php(51): Middlewares\RequestHandler->process()
#51 C:\OpenServer\domains\flarum_oyina\vendor\middlewares\base-path-router\src\BasePathRouter.php(101): Laminas\Stratigility\Next->handle()
#52 C:\OpenServer\domains\flarum_oyina\vendor\laminas\laminas-stratigility\src\Next.php(51): Middlewares\BasePathRouter->process()
#53 C:\OpenServer\domains\flarum_oyina\vendor\laminas\laminas-stratigility\src\Middleware\OriginalMessages.php(36): Laminas\Stratigility\Next->handle()
#54 C:\OpenServer\domains\flarum_oyina\vendor\laminas\laminas-stratigility\src\Next.php(51): Laminas\Stratigility\Middleware\OriginalMessages->process()
#55 C:\OpenServer\domains\flarum_oyina\vendor\middlewares\base-path\src\BasePath.php(73): Laminas\Stratigility\Next->handle()
#56 C:\OpenServer\domains\flarum_oyina\vendor\laminas\laminas-stratigility\src\Next.php(51): Middlewares\BasePath->process()
#57 C:\OpenServer\domains\flarum_oyina\vendor\flarum\core\src\Http\Middleware\ProcessIp.php(24): Laminas\Stratigility\Next->handle()
#58 C:\OpenServer\domains\flarum_oyina\vendor\laminas\laminas-stratigility\src\Next.php(51): Flarum\Http\Middleware\ProcessIp->process()
#59 C:\OpenServer\domains\flarum_oyina\vendor\laminas\laminas-stratigility\src\MiddlewarePipe.php(76): Laminas\Stratigility\Next->handle()
#60 C:\OpenServer\domains\flarum_oyina\vendor\laminas\laminas-stratigility\src\MiddlewarePipe.php(65): Laminas\Stratigility\MiddlewarePipe->process()
#61 C:\OpenServer\domains\flarum_oyina\vendor\laminas\laminas-httphandlerrunner\src\RequestHandlerRunner.php(96): Laminas\Stratigility\MiddlewarePipe->handle()
#62 C:\OpenServer\domains\flarum_oyina\vendor\flarum\core\src\Http\Server.php(44): Laminas\HttpHandlerRunner\RequestHandlerRunner->run()
#63 C:\OpenServer\domains\flarum_oyina\public\index.php(26): Flarum\Http\Server->listen()
#64 {main}  
